1615374544963	geckodriver	INFO	Listening on 127.0.0.1:55762
1615374548023	mozrunner::runner	INFO	Running command: "C:\\Program Files\\Mozilla Firefox\\firefox.exe" "--marionette" "-foreground" "-no-remote" "-profile" "C:\\Users\\nadth\\AppData\\Local\\Temp\\rust_mozprofileXU5gyH"
console.warn: SearchSettings: "get: No settings file exists, new profile?" (new Error("", "(unknown module)"))
1615374550343	Marionette	INFO	Listening on port 55777
1615374550709	Marionette	WARN	TLS certificate errors will be ignored for this session
JavaScript warning: http://portal.dev.getzense.com/js/borrower/pages/kyc/kyc.js?id=8eb00fbdef30c91d5de6 line 141 > eval, line 3: unreachable code after return statement
JavaScript warning: http://portal.dev.getzense.com/js/borrower/pages/kyc/kyc.js?id=8eb00fbdef30c91d5de6 line 141 > eval, line 3: unreachable code after return statement
JavaScript warning: http://portal.dev.getzense.com/js/borrower/pages/kyc/kyc.js?id=8eb00fbdef30c91d5de6 line 141 > eval, line 3: unreachable code after return statement
JavaScript warning: http://portal.dev.getzense.com/js/borrower/pages/kyc/kyc.js?id=8eb00fbdef30c91d5de6 line 141 > eval, line 3: unreachable code after return statement
JavaScript warning: http://portal.dev.getzense.com/js/borrower/pages/kyc/kyc.js?id=8eb00fbdef30c91d5de6 line 141 > eval, line 3: unreachable code after return statement
JavaScript warning: http://portal.dev.getzense.com/js/borrower/pages/kyc/kyc.js?id=8eb00fbdef30c91d5de6 line 141 > eval, line 3: unreachable code after return statement
console.error: (new TypeError("currentNode is null", "resource://devtools/client/inspector/shared/style-change-tracker.js", 66))
TypeError: currentNode is null: canMutationImpactCurrentStyles@resource://devtools/client/inspector/shared/style-change-tracker.js:66:20
onMutations@resource://devtools/client/inspector/shared/style-change-tracker.js:84:41
_emit@resource://devtools/shared/event-emitter.js:226:34
emit@resource://devtools/shared/event-emitter.js:172:18
emit@resource://devtools/shared/event-emitter.js:324:18
getMutations@resource://devtools/client/fronts/walker.js:358:10

JavaScript warning: http://portal.dev.getzense.com/js/borrower/pages/kyc/kyc.js?id=8eb00fbdef30c91d5de6 line 141 > eval, line 3: unreachable code after return statement
JavaScript warning: http://portal.dev.getzense.com/js/borrower/pages/kyc/kyc.js?id=8eb00fbdef30c91d5de6 line 141 > eval, line 3: unreachable code after return statement
JavaScript warning: http://portal.dev.getzense.com/js/borrower/pages/kyc/kyc.js?id=8eb00fbdef30c91d5de6 line 141 > eval, line 3: unreachable code after return statement
console.error: (new TypeError("currentNode is null", "resource://devtools/client/inspector/shared/style-change-tracker.js", 66))
TypeError: currentNode is null: canMutationImpactCurrentStyles@resource://devtools/client/inspector/shared/style-change-tracker.js:66:20
onMutations@resource://devtools/client/inspector/shared/style-change-tracker.js:84:41
_emit@resource://devtools/shared/event-emitter.js:226:34
emit@resource://devtools/shared/event-emitter.js:172:18
emit@resource://devtools/shared/event-emitter.js:324:18
getMutations@resource://devtools/client/fronts/walker.js:358:10

console.error: "Error sending event: display-change"
console.error: ({})
[Exception... "Component returned failure code: 0x80070057 (NS_ERROR_ILLEGAL_VALUE) [nsIEventListenerService.getListenerInfoFor]"  nsresult: "0x80070057 (NS_ERROR_ILLEGAL_VALUE)"  location: "JS frame :: resource://devtools/server/actors/inspector/event-collector.js :: getDOMListeners :: line 266"  data: no]: getDOMListeners@resource://devtools/server/actors/inspector/event-collector.js:266:22
getListeners@resource://devtools/server/actors/inspector/event-collector.js:334:28
hasListeners@resource://devtools/server/actors/inspector/event-collector.js:227:17
hasEventListeners@resource://devtools/server/actors/inspector/event-collector.js:802:21
get _hasEventListeners@resource://devtools/server/actors/inspector/node.js:383:33
form@resource://devtools/server/actors/inspector/node.js:207:7
write@resource://devtools/shared/protocol/types.js:358:32
types.addArrayType/write/<@resource://devtools/shared/protocol/types.js:215:33
write@resource://devtools/shared/protocol/types.js:215:16
write@resource://devtools/shared/protocol/Request.js:109:22
write@resource://devtools/shared/protocol/Request.js:39:26
_sendEvent@resource://devtools/shared/protocol/Actor.js:66:24
initialize/<@resource://devtools/shared/protocol/Actor.js:46:16
_emit@resource://devtools/shared/event-emitter.js:226:34
emit@resource://devtools/shared/event-emitter.js:172:18
emit@resource://devtools/shared/event-emitter.js:324:18
_onReflows@resource://devtools/server/actors/inspector/walker.js:587:12
_emit@resource://devtools/shared/event-emitter.js:226:34
emit@resource://devtools/shared/event-emitter.js:172:18
emit@resource://devtools/shared/event-emitter.js:324:18
_startEventLoop@resource://devtools/server/actors/reflow.js:314:12
notify@resource://gre/modules/Timer.jsm:62:17

console.error: (new TypeError("currentNode is null", "resource://devtools/client/inspector/shared/style-change-tracker.js", 66))
TypeError: currentNode is null: canMutationImpactCurrentStyles@resource://devtools/client/inspector/shared/style-change-tracker.js:66:20
onMutations@resource://devtools/client/inspector/shared/style-change-tracker.js:84:41
_emit@resource://devtools/shared/event-emitter.js:226:34
emit@resource://devtools/shared/event-emitter.js:172:18
emit@resource://devtools/shared/event-emitter.js:324:18
getMutations@resource://devtools/client/fronts/walker.js:358:10

JavaScript warning: http://portal.dev.getzense.com/js/borrower/pages/kyc/kyc.js?id=8eb00fbdef30c91d5de6 line 141 > eval, line 4: unreachable code after return statement
JavaScript warning: http://portal.dev.getzense.com/js/borrower/pages/kyc/kyc.js?id=8eb00fbdef30c91d5de6 line 141 > eval, line 3: unreachable code after return statement
console.error: "Error while calling actor 'layout's method 'getGrids'" "node is null"
console.error: "getGrids@resource://devtools/server/actors/layout.js:502:26\ngetGrids@resource://devtools/server/actors/layout.js:507:43\nhandler@resource://devtools/shared/protocol/Actor.js:172:37\nonPacket@resource://devtools/server/devtools-server-connection.js:379:58\nreceiveMessage@resource://devtools/shared/transport/child-transport.js:68:16\n"
console.log: WebExtensions: reset-default-search: No addons in our list are installed.

###!!! [Child][MessageChannel] Error: (msgtype=0x3A015A,name=PContent::Msg_InsertNewFocusActionId) Closed channel: cannot send/recv


###!!! [Child][MessageChannel] Error: (msgtype=0x3A0161,name=PContent::Msg_CommitWindowContextTransaction) Closed channel: cannot send/recv


###!!! [Child][MessageChannel] Error: (msgtype=0x3A015A,name=PContent::Msg_InsertNewFocusActionId) Closed channel: cannot send/recv


###!!! [Child][MessageChannel] Error: (msgtype=0x3A015A,name=PContent::Msg_InsertNewFocusActionId) Closed channel: cannot send/recv


###!!! [Child][MessageChannel] Error: (msgtype=0x3A015A,name=PContent::Msg_InsertNewFocusActionId) Closed channel: cannot send/recv

