1615371927094	geckodriver	INFO	Listening on 127.0.0.1:63823
1615371930143	mozrunner::runner	INFO	Running command: "C:\\Program Files\\Mozilla Firefox\\firefox.exe" "--marionette" "-foreground" "-no-remote" "-profile" "C:\\Users\\nadth\\AppData\\Local\\Temp\\rust_mozprofilehHyfzd"
console.warn: SearchSettings: "get: No settings file exists, new profile?" (new Error("", "(unknown module)"))
1615371932870	Marionette	INFO	Listening on port 63834
1615371933338	Marionette	WARN	TLS certificate errors will be ignored for this session
JavaScript warning: http://portal.dev.getzense.com/js/borrower/pages/kyc/kyc.js?id=8eb00fbdef30c91d5de6 line 141 > eval, line 3: unreachable code after return statement
JavaScript error: resource://gre/modules/XULStore.jsm, line 66: Error: Can't find profile directory.
JavaScript error: resource://gre/modules/XULStore.jsm, line 66: Error: Can't find profile directory.
JavaScript error: , line 0: NetworkError: A network error occurred.
JavaScript error: , line 0: NetworkError: A network error occurred.
JavaScript error: , line 0: NetworkError: A network error occurred.
JavaScript warning: https://www.googletagservices.com/activeview/js/current/rx_lidar.js?cache=r20110914, line 77: Script terminated by timeout at:
fc@https://www.googletagservices.com/activeview/js/current/rx_lidar.js?cache=r20110914:77:735
ec.prototype.call@https://www.googletagservices.com/activeview/js/current/rx_lidar.js?cache=r20110914:77:644
p.subscribe@https://www.googletagservices.com/activeview/js/current/rx_lidar.js?cache=r20110914:70:779
wc@https://www.googletagservices.com/activeview/js/current/rx_lidar.js?cache=r20110914:82:1160
p.Fb@https://www.googletagservices.com/activeview/js/current/rx_lidar.js?cache=r20110914:102:106
p.l@https://www.googletagservices.com/activeview/js/current/rx_lidar.js?cache=r20110914:101:460
p.next@https://www.googletagservices.com/activeview/js/current/rx_lidar.js?cache=r20110914:67:33
p.$@https://www.googletagservices.com/activeview/js/current/rx_lidar.js?cache=r20110914:83:415
mc.prototype.l@https://www.googletagservices.com/activeview/js/current/rx_lidar.js?cache=r20110914:80:1018
p.next@https://www.googletagservices.com/activeview/js/current/rx_lidar.js?cache=r20110914:67:33
lc.prototype.l@https://www.googletagservices.com/activeview/js/current/rx_lidar.js?cache=r20110914:80:597
p.next@https://www.googletagservices.com/activeview/js/current/rx_lidar.js?cache=r20110914:67:33
lc.prototype.l@https://www.googletagservices.com/activeview/js/current/rx_lidar.js?cache=r20110914:80:597
p.next@https://www.googletagservices.com/activeview/js/current/rx_lidar.js?cache=r20110914:67:33
p.l@https://www.googletagservices.com/activeview/js/current/rx_lidar.js?cache=r20110914:67:261
p.next@https://www.googletagservices.com/activeview/js/current/rx_lidar.js?cache=r20110914:67:33
p.A@https://www.googletagservices.com/activeview/js/current/rx_lidar.js?cache=r20110914:76:201
p.subscribe@https://www.googletagservices.com/activeview/js/current/rx_lidar.js?cache=r20110914:70:835
gc.prototype.A@https://www.googletagservices.com/activeview/js/current/rx_lidar.js?cache=r20110914:78:390
p.subscribe@https://www.googletagservices.com/activeview/js/current/rx_lidar.js?cache=r20110914:70:835
ec.prototype.call@https://www.googletagservices.com/activeview/js/current/rx_lidar.js?cache=r20110914:77:660
p.subscribe@https://www.googletagservices.com/activeview/js/current/rx_lidar.js?cache=r20110914:70:779
kc.prototype.call@https://www.googletagservices.com/activeview/js/current/rx_lidar.js?cache=r20110914:80:310
p.subscribe@https://www.googletagservices.com/activeview/js/current/rx_lidar.js?cache=r20110914:70:779
kc.prototype.call@https://www.googletagservices.com/activeview/js/current/rx_lidar.js?cache=r20110914:80:310
p.subscribe@https://www.googletagservices.com/activeview/js/current/rx_lidar.js?cache=r20110914:70:779
wc@https://www.googletagservices.com/activeview/js/current/rx_lidar.js?cache=r20110914:82:1160
p.o@https://www.googletagservices.com/activeview/js/current/rx_lidar.js?cache=r20110914:83:200
p.complete@https://www.googletagservices.com/activeview/js/current/rx_lidar.js?cache=r20110914:67:136
Wb/<@https://www.googletagservices.com/activeview/js/current/rx_lidar.js?cache=r20110914:75:888
p.subscribe@https://www.googletagservices.com/activeview/js/current/rx_lidar.js?cache=r20110914:70:835
yc.prototype.call@https://www.googletagservices.com/activeview/js/current/rx_lidar.js?cache=r20110914:82:1492
p.subscribe@https://www.googletagservices.com/activeview/js/current/rx_lidar.js?cache=r20110914:70:779
fe.prototype.call@https://www.googletagservices.com/activeview/js/current/rx_lidar.js?cache=r20110914:101:209
p.subscribe@https://www.googletagservices.com/activeview/js/current/rx_lidar.js?cache=r20110914:70:779
kc.prototype.call@https://www.googletagservices.com/activeview/js/current/rx_lidar.js?cache=r20110914:80:310
p.subscribe@https://www.googletagservices.com/activeview/js/current/rx_lidar.js?cache=r20110914:70:779
kc.prototype.call@https://www.googletagservices.com/activeview/js/current/rx_lidar.js?cache=r20110914:80:310
p.subscribe@https://www.googletagservices.com/activeview/js/current/rx_lidar.js?cache=r20110914:70:779
kc.prototype.call@https://www.googletagservices.com/activeview/js/current/rx_lidar.js?cache=r20110914:80:310
p.subscribe@https://www.googletagservices.com/activeview/js/current/rx_lidar.js?cache=r20110914:70:779
wc@https://www.googletagservices.com/activeview/js/current/rx_lidar.js?cache=r20110914:82:1160
p.Fb@https://www.googletagservices.com/activeview/js/current/rx_lidar.js?cache=r20110914:85:457
p.gd@https://www.googletagservices.com/activeview/js/current/rx_lidar.js?cache=r20110914:85:380
p.l@https://www.googletagservices.com/activeview/js/current/rx_lidar.js?cache=r20110914:85:234
p.next@https://www.googletagservices.com/activeview/js/current/rx_lidar.js?cache=r20110914:67:33
Wb/<@https://www.googletagservices.com/activeview/js/current/rx_lidar.js?cache=r20110914:75:875
p.Kb@https://www.googletagservices.com/activeview/js/current/rx_lidar.js?cache=r20110914:71:34
p.subscribe@https://www.googletagservices.com/activeview/js/current/rx_lidar.js?cache=r20110914:70:845
Jc.prototype.call@https://www.googletagservices.com/activeview/js/current/rx_lidar.js?cache=r20110914:84:2021
p.subscribe@https://www.googletagservices.com/activeview/js/current/rx_lidar.js?cache=r20110914:70:779
c/<@https://www.googletagservices.com/activeview/js/current/rx_lidar.js?cache=r20110914:104:1001
p.Kb@https://www.googletagservices.com/activeview/js/current/rx_lidar.js?cache=r20110914:71:34
p.subscribe@https://www.googletagservices.com/activeview/js/current/rx_lidar.js?cache=r20110914:70:845
ce.yd@https://www.googletagservices.com/activeview/js/current/rx_lidar.js?cache=r20110914:100:658
p.qc@https://www.googletagservices.com/activeview/js/current/rx_lidar.js?cache=r20110914:89:219
fd.prototype.execute@https://www.googletagservices.com/activeview/js/current/rx_lidar.js?cache=r20110914:91:1765
O.prototype.flush@https://www.googletagservices.com/activeview/js/current/rx_lidar.js?cache=r20110914:90:111
fd.prototype.j@https://www.googletagservices.com/activeview/js/current/rx_lidar.js?cache=r20110914:91:1641
dc.prototype.j@https://www.googletagservices.com/activeview/js/current/rx_lidar.js?cache=r20110914:77:304
O.prototype.j@https://www.googletagservices.com/activeview/js/current/rx_lidar.js?cache=r20110914:89:776
ce.prototype.A@https://www.googletagservices.com/activeview/js/current/rx_lidar.js?cache=r20110914:100:717
p.subscribe@https://www.googletagservices.com/activeview/js/current/rx_lidar.js?cache=r20110914:70:835
ee.prototype.call@https://www.googletagservices.com/activeview/js/current/rx_lidar.js?cache=r20110914:101:69
p.subscribe@https://www.googletagservices.com/activeview/js/current/rx_lidar.js?cache=r20110914:70:779
gc.prototype.connect@https://www.googletagservices.com/activeview/js/current/rx_lidar.js?cache=r20110914:78:585
ec.prototype.call@https://www.googletagservices.com/activeview/js/current/rx_lidar.js?cache=r20110914:77:699
p.subscribe@https://www.googletagservices.com/activeview/js/current/rx_lidar.js?cache=r20110914:70:779
c/<@https://www.googletagservices.com/activeview/js/current/rx_lidar.js?cache=r20110914:104:1001
p.Kb@https://www.googletagservices.com/activeview/js/current/rx_lidar.js?cache=r20110914:71:34
p.subscribe@https://www.googletagservices.com/activeview/js/current/rx_lidar.js?cache=r20110914:70:845
Ad.prototype.call@https://www.googletagservices.com/activeview/js/current/rx_lidar.js?cache=r20110914:94:334
p.subscribe@https://www.googletagservices.com/activeview/js/current/rx_lidar.js?cache=r20110914:70:779
kc.prototype.call@https://www.googletagservices.com/activeview/js/current/rx_lidar.js?cache=r20110914:80:310
p.subscribe@https://www.googletagservices.com/activeview/js/current/rx_lidar.js?cache=r20110914:70:779
le.prototype.call@https://www.googletagservices.com/activeview/js/current/rx_lidar.js?cache=r20110914:102:923
p.subscribe@https://www.googletagservices.com/activeview/js/current/rx_lidar.js?cache=r20110914:70:779
Ef/</<@https://www.googletagservices.com/activeview/js/current/rx_lidar.js?cache=r20110914:129:202
Ef/<@https://www.googletagservices.com/activeview/js/current/rx_lidar.js?cache=r20110914:129:171
p.Kb@https://www.googletagservices.com/activeview/js/current/rx_lidar.js?cache=r20110914:71:34
p.subscribe@https://www.googletagservices.com/activeview/js/current/rx_lidar.js?cache=r20110914:70:845
nd.prototype.call@https://www.googletagservices.com/activeview/js/current/rx_lidar.js?cache=r20110914:92:285
p.subscribe@https://www.googletagservices.com/activeview/js/current/rx_lidar.js?cache=r20110914:70:779
kc.prototype.call@https://www.googletagservices.com/activeview/js/current/rx_lidar.js?cache=r20110914:80:310
p.subscribe@https://www.googletagservices.com/activeview/js/current/rx_lidar.js?cache=r20110914:70:779
le.prototype.call@https://www.googletagservices.com/activeview/js/current/rx_lidar.js?cache=r20110914:102:923
p.subscribe@https://www.googletagservices.com/activeview/js/current/rx_lidar.js?cache=r20110914:70:779
gc.prototype.connect@https://www.googletagservices.com/activeview/js/current/rx_lidar.js?cache=r20110914:78:585
ec.prototype.call@https://www.googletagservices.com/activeview/js/current/rx_lidar.js?cache=r20110914:77:699
p.subscribe@https://www.googletagservices.com/activeview/js/current/rx_lidar.js?cache=r20110914:70:779
gc.prototype.connect@https://www.googletagservices.com/activeview/js/current/rx_lidar.js?cache=r20110914:78:585
ec.prototype.call@https://www.googletagservices.com/activeview/js/current/rx_lidar.js?cache=r20110914:77:699
p.subscribe@https://www.googletagservices.com/activeview/js/current/rx_lidar.js?cache=r20110914:70:779
gc.prototype.connect@https://www.googletagservices.com/activeview/js/current/rx_lidar.js?cache=r20110914:78:585
ec.prototype.call@https://www.googletagservices.com/activeview/js/current/rx_lidar.js?cache=r20110914:77:699
p.subscribe@https://www.googletagservices.com/activeview/js/current/rx_lidar.js?cache=r20110914:70:779
gc.prototype.connect@https://www.googletagservices.com/activeview/js/current/rx_lidar.js?cache=r20110914:78:585
ec.prototype.call@https://www.googletagservices.com/activeview/js/current/rx_lidar.js?cache=r20110914:77:699
p.subscribe@https://www.googletagservices.com/activeview/js/current/rx_lidar.js?cache=r20110914:70:779
gc.prototype.connect@https://www.googletagservices.com/activeview/js/current/rx_lidar.js?cache=r20110914:78:585
ec.prototype.call@https://www.googletagservices.com/activeview/js/current/rx_lidar.js?cache=r20110914:77:699
p.subscribe@https://www.googletagservices.com/activeview/js/current/rx_lidar.js?cache=r20110914:70:779
fe.prototype.call@https://www.googletagservices.com/activeview/js/current/rx_lidar.js?cache=r20110914:101:209
p.subscribe@https://www.googletagservices.com/activeview/js/current/rx_lidar.js?cache=r20110914:70:779
Cd.prototype.call@https://www.googletagservices.com/activeview/js/current/rx_lidar.js?cache=r20110914:95:420
p.subscribe@https://www.googletagservices.com/activeview/js/current/rx_lidar.js?cache=r20110914:70:779
gc.prototype.connect@https://www.googletagservices.com/activeview/js/current/rx_lidar.js?cache=r20110914:78:585
ec.prototype.call@https://www.googletagservices.com/activeview/js/current/rx_lidar.js?cache=r20110914:77:699
p.subscribe@https://www.googletagservices.com/activeview/js/current/rx_lidar.js?cache=r20110914:70:779
wc@https://www.googletagservices.com/activeview/js/current/rx_lidar.js?cache=r20110914:82:1160
p.o@https://www.googletagservices.com/activeview/js/current/rx_lidar.js?cache=r20110914:91:127
p.complete@https://www.googletagservices.com/activeview/js/current/rx_lidar.js?cache=r20110914:67:136
Wb/<@https://www.googletagservices.com/activeview/js/current/rx_lidar.js?cache=r20110914:75:888
p.subscribe@https://www.googletagservices.com/activeview/js/current/rx_lidar.js?cache=r20110914:70:835
Wc.prototype.call@https://www.googletagservices.com/activeview/js/current/rx_lidar.js?cache=r20110914:90:1205
p.subscribe@https://www.googletagservices.com/activeview/js/current/rx_lidar.js?cache=r20110914:70:779
wc@https://www.googletagservices.com/activeview/js/current/rx_lidar.js?cache=r20110914:82:1160
p.o@https://www.googletagservices.com/activeview/js/current/rx_lidar.js?cache=r20110914:83:200
p.complete@https://www.googletagservices.com/activeview/js/current/rx_lidar.js?cache=r20110914:67:136
Wb/<@https://www.googletagservices.com/activeview/js/current/rx_lidar.js?cache=r20110914:75:888
p.subscribe@https://www.googletagservices.com/activeview/js/current/rx_lidar.js?cache=r20110914:70:835
yc.prototype.call@https://www.googletagservices.com/activeview/js/current/rx_lidar.js?cache=r20110914:82:1492
p.subscribe@https://www.googletagservices.com/activeview/js/current/rx_lidar.js?cache=r20110914:70:779
kc.prototype.call@https://www.googletagservices.com/activeview/js/current/rx_lidar.js?cache=r20110914:80:310
p.subscribe@https://www.googletagservices.com/activeview/js/current/rx_lidar.js?cache=r20110914:70:779
Tc.prototype.call@https://www.googletagservices.com/activeview/js/current/rx_lidar.js?cache=r20110914:90:687
p.subscribe@https://www.googletagservices.com/activeview/js/current/rx_lidar.js?cache=r20110914:70:779

JavaScript error: https://www.tutorialspoint.com/robot_framework/robot_framework_working_with_dropdown.htm, line 1: ReferenceError: osdlfm is not defined
console.log: WebExtensions: reset-default-search: No addons in our list are installed.

###!!! [Child][MessageChannel] Error: (msgtype=0x3A015A,name=PContent::Msg_InsertNewFocusActionId) Closed channel: cannot send/recv


###!!! [Child][MessageChannel] Error: (msgtype=0x3A015A,name=PContent::Msg_InsertNewFocusActionId) Closed channel: cannot send/recv


###!!! [Child][MessageChannel] Error: (msgtype=0x3A015A,name=PContent::Msg_InsertNewFocusActionId) Closed channel: cannot send/recv


###!!! [Child][MessageChannel] Error: (msgtype=0x3A014D,name=PContent::Msg_DiscardBrowsingContext) Closed channel: cannot send/recv


###!!! [Child][MessageChannel] Error: (msgtype=0x3A015A,name=PContent::Msg_InsertNewFocusActionId) Closed channel: cannot send/recv


###!!! [Child][MessageChannel] Error: (msgtype=0x3A015A,name=PContent::Msg_InsertNewFocusActionId) Closed channel: cannot send/recv


###!!! [Child][MessageChannel] Error: (msgtype=0x3A015A,name=PContent::Msg_InsertNewFocusActionId) Closed channel: cannot send/recv


###!!! [Child][MessageChannel] Error: (msgtype=0x3A015A,name=PContent::Msg_InsertNewFocusActionId) Closed channel: cannot send/recv

